CRITICAL - 2025-10-03 13:27:10 --> ErrorException: Undefined variable $isLoggedIn
[Method: GET, Route: dashboard]
in APPPATH\Views\templates\header.php on line 6.
 1 APPPATH\Views\templates\header.php(6): CodeIgniter\Debug\Exceptions->errorHandler(2, 'Undefined variable $isLoggedIn', 'C:\\xampp\\htdocs\\ITE311-LABASA\\app\\Views\\templates\\header.php', 6)
 2 SYSTEMPATH\View\View.php(226): include('C:\\xampp\\htdocs\\ITE311-LABASA\\app\\Views\\templates\\header.php')
 3 SYSTEMPATH\View\View.php(229): CodeIgniter\View\View->CodeIgniter\View\{closure}()
 4 SYSTEMPATH\View\View.php(475): CodeIgniter\View\View->render('templates/header', null, true)
 5 APPPATH\Views\template.php(261): CodeIgniter\View\View->include('templates/header')
 6 SYSTEMPATH\View\View.php(226): include('C:\\xampp\\htdocs\\ITE311-LABASA\\app\\Views\\template.php')
 7 SYSTEMPATH\View\View.php(229): CodeIgniter\View\View->CodeIgniter\View\{closure}()
 8 SYSTEMPATH\View\View.php(242): CodeIgniter\View\View->render('template', [], true)
 9 SYSTEMPATH\Common.php(1167): CodeIgniter\View\View->render('auth/dashboard', [], true)
10 APPPATH\Controllers\Auth.php(129): view('auth/dashboard', [...])
11 SYSTEMPATH\CodeIgniter.php(933): App\Controllers\Auth->dashboard()
12 SYSTEMPATH\CodeIgniter.php(507): CodeIgniter\CodeIgniter->runController(Object(App\Controllers\Auth))
13 SYSTEMPATH\CodeIgniter.php(354): CodeIgniter\CodeIgniter->handleRequest(null, Object(Config\Cache), false)
14 SYSTEMPATH\Boot.php(363): CodeIgniter\CodeIgniter->run()
15 SYSTEMPATH\Boot.php(68): CodeIgniter\Boot::runCodeIgniter(Object(CodeIgniter\CodeIgniter))
16 FCPATH\index.php(59): CodeIgniter\Boot::bootWeb(Object(Config\Paths))
CRITICAL - 2025-10-03 13:27:13 --> ErrorException: Undefined variable $isLoggedIn
[Method: GET, Route: dashboard]
in APPPATH\Views\templates\header.php on line 6.
 1 APPPATH\Views\templates\header.php(6): CodeIgniter\Debug\Exceptions->errorHandler(2, 'Undefined variable $isLoggedIn', 'C:\\xampp\\htdocs\\ITE311-LABASA\\app\\Views\\templates\\header.php', 6)
 2 SYSTEMPATH\View\View.php(226): include('C:\\xampp\\htdocs\\ITE311-LABASA\\app\\Views\\templates\\header.php')
 3 SYSTEMPATH\View\View.php(229): CodeIgniter\View\View->CodeIgniter\View\{closure}()
 4 SYSTEMPATH\View\View.php(475): CodeIgniter\View\View->render('templates/header', null, true)
 5 APPPATH\Views\template.php(261): CodeIgniter\View\View->include('templates/header')
 6 SYSTEMPATH\View\View.php(226): include('C:\\xampp\\htdocs\\ITE311-LABASA\\app\\Views\\template.php')
 7 SYSTEMPATH\View\View.php(229): CodeIgniter\View\View->CodeIgniter\View\{closure}()
 8 SYSTEMPATH\View\View.php(242): CodeIgniter\View\View->render('template', [], true)
 9 SYSTEMPATH\Common.php(1167): CodeIgniter\View\View->render('auth/dashboard', [], true)
10 APPPATH\Controllers\Auth.php(129): view('auth/dashboard', [...])
11 SYSTEMPATH\CodeIgniter.php(933): App\Controllers\Auth->dashboard()
12 SYSTEMPATH\CodeIgniter.php(507): CodeIgniter\CodeIgniter->runController(Object(App\Controllers\Auth))
13 SYSTEMPATH\CodeIgniter.php(354): CodeIgniter\CodeIgniter->handleRequest(null, Object(Config\Cache), false)
14 SYSTEMPATH\Boot.php(363): CodeIgniter\CodeIgniter->run()
15 SYSTEMPATH\Boot.php(68): CodeIgniter\Boot::runCodeIgniter(Object(CodeIgniter\CodeIgniter))
16 FCPATH\index.php(59): CodeIgniter\Boot::bootWeb(Object(Config\Paths))
CRITICAL - 2025-10-03 13:27:14 --> ErrorException: Undefined variable $isLoggedIn
[Method: GET, Route: dashboard]
in APPPATH\Views\templates\header.php on line 6.
 1 APPPATH\Views\templates\header.php(6): CodeIgniter\Debug\Exceptions->errorHandler(2, 'Undefined variable $isLoggedIn', 'C:\\xampp\\htdocs\\ITE311-LABASA\\app\\Views\\templates\\header.php', 6)
 2 SYSTEMPATH\View\View.php(226): include('C:\\xampp\\htdocs\\ITE311-LABASA\\app\\Views\\templates\\header.php')
 3 SYSTEMPATH\View\View.php(229): CodeIgniter\View\View->CodeIgniter\View\{closure}()
 4 SYSTEMPATH\View\View.php(475): CodeIgniter\View\View->render('templates/header', null, true)
 5 APPPATH\Views\template.php(261): CodeIgniter\View\View->include('templates/header')
 6 SYSTEMPATH\View\View.php(226): include('C:\\xampp\\htdocs\\ITE311-LABASA\\app\\Views\\template.php')
 7 SYSTEMPATH\View\View.php(229): CodeIgniter\View\View->CodeIgniter\View\{closure}()
 8 SYSTEMPATH\View\View.php(242): CodeIgniter\View\View->render('template', [], true)
 9 SYSTEMPATH\Common.php(1167): CodeIgniter\View\View->render('auth/dashboard', [], true)
10 APPPATH\Controllers\Auth.php(129): view('auth/dashboard', [...])
11 SYSTEMPATH\CodeIgniter.php(933): App\Controllers\Auth->dashboard()
12 SYSTEMPATH\CodeIgniter.php(507): CodeIgniter\CodeIgniter->runController(Object(App\Controllers\Auth))
13 SYSTEMPATH\CodeIgniter.php(354): CodeIgniter\CodeIgniter->handleRequest(null, Object(Config\Cache), false)
14 SYSTEMPATH\Boot.php(363): CodeIgniter\CodeIgniter->run()
15 SYSTEMPATH\Boot.php(68): CodeIgniter\Boot::runCodeIgniter(Object(CodeIgniter\CodeIgniter))
16 FCPATH\index.php(59): CodeIgniter\Boot::bootWeb(Object(Config\Paths))
CRITICAL - 2025-10-03 13:27:33 --> ErrorException: Undefined variable $isLoggedIn
[Method: GET, Route: dashboard]
in APPPATH\Views\templates\header.php on line 5.
 1 APPPATH\Views\templates\header.php(5): CodeIgniter\Debug\Exceptions->errorHandler(2, 'Undefined variable $isLoggedIn', 'C:\\xampp\\htdocs\\ITE311-LABASA\\app\\Views\\templates\\header.php', 5)
 2 SYSTEMPATH\View\View.php(226): include('C:\\xampp\\htdocs\\ITE311-LABASA\\app\\Views\\templates\\header.php')
 3 SYSTEMPATH\View\View.php(229): CodeIgniter\View\View->CodeIgniter\View\{closure}()
 4 SYSTEMPATH\View\View.php(475): CodeIgniter\View\View->render('templates/header', null, true)
 5 APPPATH\Views\template.php(261): CodeIgniter\View\View->include('templates/header')
 6 SYSTEMPATH\View\View.php(226): include('C:\\xampp\\htdocs\\ITE311-LABASA\\app\\Views\\template.php')
 7 SYSTEMPATH\View\View.php(229): CodeIgniter\View\View->CodeIgniter\View\{closure}()
 8 SYSTEMPATH\View\View.php(242): CodeIgniter\View\View->render('template', [], true)
 9 SYSTEMPATH\Common.php(1167): CodeIgniter\View\View->render('auth/dashboard', [], true)
10 APPPATH\Controllers\Auth.php(129): view('auth/dashboard', [...])
11 SYSTEMPATH\CodeIgniter.php(933): App\Controllers\Auth->dashboard()
12 SYSTEMPATH\CodeIgniter.php(507): CodeIgniter\CodeIgniter->runController(Object(App\Controllers\Auth))
13 SYSTEMPATH\CodeIgniter.php(354): CodeIgniter\CodeIgniter->handleRequest(null, Object(Config\Cache), false)
14 SYSTEMPATH\Boot.php(363): CodeIgniter\CodeIgniter->run()
15 SYSTEMPATH\Boot.php(68): CodeIgniter\Boot::runCodeIgniter(Object(CodeIgniter\CodeIgniter))
16 FCPATH\index.php(59): CodeIgniter\Boot::bootWeb(Object(Config\Paths))
CRITICAL - 2025-10-03 13:27:37 --> ErrorException: Undefined variable $isLoggedIn
[Method: GET, Route: dashboard]
in APPPATH\Views\templates\header.php on line 5.
 1 APPPATH\Views\templates\header.php(5): CodeIgniter\Debug\Exceptions->errorHandler(2, 'Undefined variable $isLoggedIn', 'C:\\xampp\\htdocs\\ITE311-LABASA\\app\\Views\\templates\\header.php', 5)
 2 SYSTEMPATH\View\View.php(226): include('C:\\xampp\\htdocs\\ITE311-LABASA\\app\\Views\\templates\\header.php')
 3 SYSTEMPATH\View\View.php(229): CodeIgniter\View\View->CodeIgniter\View\{closure}()
 4 SYSTEMPATH\View\View.php(475): CodeIgniter\View\View->render('templates/header', null, true)
 5 APPPATH\Views\template.php(261): CodeIgniter\View\View->include('templates/header')
 6 SYSTEMPATH\View\View.php(226): include('C:\\xampp\\htdocs\\ITE311-LABASA\\app\\Views\\template.php')
 7 SYSTEMPATH\View\View.php(229): CodeIgniter\View\View->CodeIgniter\View\{closure}()
 8 SYSTEMPATH\View\View.php(242): CodeIgniter\View\View->render('template', [], true)
 9 SYSTEMPATH\Common.php(1167): CodeIgniter\View\View->render('auth/dashboard', [], true)
10 APPPATH\Controllers\Auth.php(129): view('auth/dashboard', [...])
11 SYSTEMPATH\CodeIgniter.php(933): App\Controllers\Auth->dashboard()
12 SYSTEMPATH\CodeIgniter.php(507): CodeIgniter\CodeIgniter->runController(Object(App\Controllers\Auth))
13 SYSTEMPATH\CodeIgniter.php(354): CodeIgniter\CodeIgniter->handleRequest(null, Object(Config\Cache), false)
14 SYSTEMPATH\Boot.php(363): CodeIgniter\CodeIgniter->run()
15 SYSTEMPATH\Boot.php(68): CodeIgniter\Boot::runCodeIgniter(Object(CodeIgniter\CodeIgniter))
16 FCPATH\index.php(59): CodeIgniter\Boot::bootWeb(Object(Config\Paths))
CRITICAL - 2025-10-03 13:27:43 --> ErrorException: Undefined variable $isLoggedIn
[Method: GET, Route: dashboard]
in APPPATH\Views\templates\header.php on line 5.
 1 APPPATH\Views\templates\header.php(5): CodeIgniter\Debug\Exceptions->errorHandler(2, 'Undefined variable $isLoggedIn', 'C:\\xampp\\htdocs\\ITE311-LABASA\\app\\Views\\templates\\header.php', 5)
 2 SYSTEMPATH\View\View.php(226): include('C:\\xampp\\htdocs\\ITE311-LABASA\\app\\Views\\templates\\header.php')
 3 SYSTEMPATH\View\View.php(229): CodeIgniter\View\View->CodeIgniter\View\{closure}()
 4 SYSTEMPATH\View\View.php(475): CodeIgniter\View\View->render('templates/header', null, true)
 5 APPPATH\Views\template.php(261): CodeIgniter\View\View->include('templates/header')
 6 SYSTEMPATH\View\View.php(226): include('C:\\xampp\\htdocs\\ITE311-LABASA\\app\\Views\\template.php')
 7 SYSTEMPATH\View\View.php(229): CodeIgniter\View\View->CodeIgniter\View\{closure}()
 8 SYSTEMPATH\View\View.php(242): CodeIgniter\View\View->render('template', [], true)
 9 SYSTEMPATH\Common.php(1167): CodeIgniter\View\View->render('auth/dashboard', [], true)
10 APPPATH\Controllers\Auth.php(129): view('auth/dashboard', [...])
11 SYSTEMPATH\CodeIgniter.php(933): App\Controllers\Auth->dashboard()
12 SYSTEMPATH\CodeIgniter.php(507): CodeIgniter\CodeIgniter->runController(Object(App\Controllers\Auth))
13 SYSTEMPATH\CodeIgniter.php(354): CodeIgniter\CodeIgniter->handleRequest(null, Object(Config\Cache), false)
14 SYSTEMPATH\Boot.php(363): CodeIgniter\CodeIgniter->run()
15 SYSTEMPATH\Boot.php(68): CodeIgniter\Boot::runCodeIgniter(Object(CodeIgniter\CodeIgniter))
16 FCPATH\index.php(59): CodeIgniter\Boot::bootWeb(Object(Config\Paths))
CRITICAL - 2025-10-03 13:27:48 --> ErrorException: Undefined variable $isLoggedIn
[Method: GET, Route: dashboard]
in APPPATH\Views\templates\header.php on line 5.
 1 APPPATH\Views\templates\header.php(5): CodeIgniter\Debug\Exceptions->errorHandler(2, 'Undefined variable $isLoggedIn', 'C:\\xampp\\htdocs\\ITE311-LABASA\\app\\Views\\templates\\header.php', 5)
 2 SYSTEMPATH\View\View.php(226): include('C:\\xampp\\htdocs\\ITE311-LABASA\\app\\Views\\templates\\header.php')
 3 SYSTEMPATH\View\View.php(229): CodeIgniter\View\View->CodeIgniter\View\{closure}()
 4 SYSTEMPATH\View\View.php(475): CodeIgniter\View\View->render('templates/header', null, true)
 5 APPPATH\Views\template.php(261): CodeIgniter\View\View->include('templates/header')
 6 SYSTEMPATH\View\View.php(226): include('C:\\xampp\\htdocs\\ITE311-LABASA\\app\\Views\\template.php')
 7 SYSTEMPATH\View\View.php(229): CodeIgniter\View\View->CodeIgniter\View\{closure}()
 8 SYSTEMPATH\View\View.php(242): CodeIgniter\View\View->render('template', [], true)
 9 SYSTEMPATH\Common.php(1167): CodeIgniter\View\View->render('auth/dashboard', [], true)
10 APPPATH\Controllers\Auth.php(129): view('auth/dashboard', [...])
11 SYSTEMPATH\CodeIgniter.php(933): App\Controllers\Auth->dashboard()
12 SYSTEMPATH\CodeIgniter.php(507): CodeIgniter\CodeIgniter->runController(Object(App\Controllers\Auth))
13 SYSTEMPATH\CodeIgniter.php(354): CodeIgniter\CodeIgniter->handleRequest(null, Object(Config\Cache), false)
14 SYSTEMPATH\Boot.php(363): CodeIgniter\CodeIgniter->run()
15 SYSTEMPATH\Boot.php(68): CodeIgniter\Boot::runCodeIgniter(Object(CodeIgniter\CodeIgniter))
16 FCPATH\index.php(59): CodeIgniter\Boot::bootWeb(Object(Config\Paths))
CRITICAL - 2025-10-03 13:29:13 --> ErrorException: Undefined variable $isLoggedIn
[Method: GET, Route: dashboard]
in APPPATH\Views\templates\header.php on line 5.
 1 APPPATH\Views\templates\header.php(5): CodeIgniter\Debug\Exceptions->errorHandler(2, 'Undefined variable $isLoggedIn', 'C:\\xampp\\htdocs\\ITE311-LABASA\\app\\Views\\templates\\header.php', 5)
 2 SYSTEMPATH\View\View.php(226): include('C:\\xampp\\htdocs\\ITE311-LABASA\\app\\Views\\templates\\header.php')
 3 SYSTEMPATH\View\View.php(229): CodeIgniter\View\View->CodeIgniter\View\{closure}()
 4 SYSTEMPATH\View\View.php(475): CodeIgniter\View\View->render('templates/header', null, true)
 5 APPPATH\Views\template.php(261): CodeIgniter\View\View->include('templates/header')
 6 SYSTEMPATH\View\View.php(226): include('C:\\xampp\\htdocs\\ITE311-LABASA\\app\\Views\\template.php')
 7 SYSTEMPATH\View\View.php(229): CodeIgniter\View\View->CodeIgniter\View\{closure}()
 8 SYSTEMPATH\View\View.php(242): CodeIgniter\View\View->render('template', [], true)
 9 SYSTEMPATH\Common.php(1167): CodeIgniter\View\View->render('auth/dashboard', [], true)
10 APPPATH\Controllers\Auth.php(129): view('auth/dashboard', [...])
11 SYSTEMPATH\CodeIgniter.php(933): App\Controllers\Auth->dashboard()
12 SYSTEMPATH\CodeIgniter.php(507): CodeIgniter\CodeIgniter->runController(Object(App\Controllers\Auth))
13 SYSTEMPATH\CodeIgniter.php(354): CodeIgniter\CodeIgniter->handleRequest(null, Object(Config\Cache), false)
14 SYSTEMPATH\Boot.php(363): CodeIgniter\CodeIgniter->run()
15 SYSTEMPATH\Boot.php(68): CodeIgniter\Boot::runCodeIgniter(Object(CodeIgniter\CodeIgniter))
16 FCPATH\index.php(59): CodeIgniter\Boot::bootWeb(Object(Config\Paths))
CRITICAL - 2025-10-03 13:41:15 --> ErrorException: Undefined variable $isLoggedIn
[Method: GET, Route: dashboard]
in APPPATH\Views\templates\header.php on line 5.
 1 APPPATH\Views\templates\header.php(5): CodeIgniter\Debug\Exceptions->errorHandler(2, 'Undefined variable $isLoggedIn', 'C:\\xampp\\htdocs\\ITE311-LABASA\\app\\Views\\templates\\header.php', 5)
 2 SYSTEMPATH\View\View.php(226): include('C:\\xampp\\htdocs\\ITE311-LABASA\\app\\Views\\templates\\header.php')
 3 SYSTEMPATH\View\View.php(229): CodeIgniter\View\View->CodeIgniter\View\{closure}()
 4 SYSTEMPATH\Common.php(1167): CodeIgniter\View\View->render('templates/header', [], true)
 5 APPPATH\Views\auth\dashboard.php(1): view('templates/header', [...])
 6 SYSTEMPATH\View\View.php(226): include('C:\\xampp\\htdocs\\ITE311-LABASA\\app\\Views\\auth\\dashboard.php')
 7 SYSTEMPATH\View\View.php(229): CodeIgniter\View\View->CodeIgniter\View\{closure}()
 8 SYSTEMPATH\Common.php(1167): CodeIgniter\View\View->render('auth/dashboard', [], true)
 9 APPPATH\Controllers\Auth.php(129): view('auth/dashboard', [...])
10 SYSTEMPATH\CodeIgniter.php(933): App\Controllers\Auth->dashboard()
11 SYSTEMPATH\CodeIgniter.php(507): CodeIgniter\CodeIgniter->runController(Object(App\Controllers\Auth))
12 SYSTEMPATH\CodeIgniter.php(354): CodeIgniter\CodeIgniter->handleRequest(null, Object(Config\Cache), false)
13 SYSTEMPATH\Boot.php(363): CodeIgniter\CodeIgniter->run()
14 SYSTEMPATH\Boot.php(68): CodeIgniter\Boot::runCodeIgniter(Object(CodeIgniter\CodeIgniter))
15 FCPATH\index.php(59): CodeIgniter\Boot::bootWeb(Object(Config\Paths))
CRITICAL - 2025-10-03 13:41:21 --> ErrorException: Undefined variable $isLoggedIn
[Method: GET, Route: dashboard]
in APPPATH\Views\templates\header.php on line 5.
 1 APPPATH\Views\templates\header.php(5): CodeIgniter\Debug\Exceptions->errorHandler(2, 'Undefined variable $isLoggedIn', 'C:\\xampp\\htdocs\\ITE311-LABASA\\app\\Views\\templates\\header.php', 5)
 2 SYSTEMPATH\View\View.php(226): include('C:\\xampp\\htdocs\\ITE311-LABASA\\app\\Views\\templates\\header.php')
 3 SYSTEMPATH\View\View.php(229): CodeIgniter\View\View->CodeIgniter\View\{closure}()
 4 SYSTEMPATH\Common.php(1167): CodeIgniter\View\View->render('templates/header', [], true)
 5 APPPATH\Views\auth\dashboard.php(1): view('templates/header', [...])
 6 SYSTEMPATH\View\View.php(226): include('C:\\xampp\\htdocs\\ITE311-LABASA\\app\\Views\\auth\\dashboard.php')
 7 SYSTEMPATH\View\View.php(229): CodeIgniter\View\View->CodeIgniter\View\{closure}()
 8 SYSTEMPATH\Common.php(1167): CodeIgniter\View\View->render('auth/dashboard', [], true)
 9 APPPATH\Controllers\Auth.php(129): view('auth/dashboard', [...])
10 SYSTEMPATH\CodeIgniter.php(933): App\Controllers\Auth->dashboard()
11 SYSTEMPATH\CodeIgniter.php(507): CodeIgniter\CodeIgniter->runController(Object(App\Controllers\Auth))
12 SYSTEMPATH\CodeIgniter.php(354): CodeIgniter\CodeIgniter->handleRequest(null, Object(Config\Cache), false)
13 SYSTEMPATH\Boot.php(363): CodeIgniter\CodeIgniter->run()
14 SYSTEMPATH\Boot.php(68): CodeIgniter\Boot::runCodeIgniter(Object(CodeIgniter\CodeIgniter))
15 FCPATH\index.php(59): CodeIgniter\Boot::bootWeb(Object(Config\Paths))
CRITICAL - 2025-10-03 13:42:26 --> ErrorException: Undefined variable $isLoggedIn
[Method: GET, Route: dashboard]
in APPPATH\Views\templates\header.php on line 5.
 1 APPPATH\Views\templates\header.php(5): CodeIgniter\Debug\Exceptions->errorHandler(2, 'Undefined variable $isLoggedIn', 'C:\\xampp\\htdocs\\ITE311-LABASA\\app\\Views\\templates\\header.php', 5)
 2 SYSTEMPATH\View\View.php(226): include('C:\\xampp\\htdocs\\ITE311-LABASA\\app\\Views\\templates\\header.php')
 3 SYSTEMPATH\View\View.php(229): CodeIgniter\View\View->CodeIgniter\View\{closure}()
 4 SYSTEMPATH\View\View.php(475): CodeIgniter\View\View->render('templates/header', null, true)
 5 APPPATH\Views\template.php(260): CodeIgniter\View\View->include('templates/header')
 6 SYSTEMPATH\View\View.php(226): include('C:\\xampp\\htdocs\\ITE311-LABASA\\app\\Views\\template.php')
 7 SYSTEMPATH\View\View.php(229): CodeIgniter\View\View->CodeIgniter\View\{closure}()
 8 SYSTEMPATH\View\View.php(242): CodeIgniter\View\View->render('template', [], true)
 9 SYSTEMPATH\Common.php(1167): CodeIgniter\View\View->render('auth/dashboard', [], true)
10 APPPATH\Controllers\Auth.php(129): view('auth/dashboard', [...])
11 SYSTEMPATH\CodeIgniter.php(933): App\Controllers\Auth->dashboard()
12 SYSTEMPATH\CodeIgniter.php(507): CodeIgniter\CodeIgniter->runController(Object(App\Controllers\Auth))
13 SYSTEMPATH\CodeIgniter.php(354): CodeIgniter\CodeIgniter->handleRequest(null, Object(Config\Cache), false)
14 SYSTEMPATH\Boot.php(363): CodeIgniter\CodeIgniter->run()
15 SYSTEMPATH\Boot.php(68): CodeIgniter\Boot::runCodeIgniter(Object(CodeIgniter\CodeIgniter))
16 FCPATH\index.php(59): CodeIgniter\Boot::bootWeb(Object(Config\Paths))
CRITICAL - 2025-10-03 13:43:14 --> Error: Class "App\Models\UserModel" not found
[Method: GET, Route: login]
in APPPATH\Controllers\Auth.php on line 63.
 1 SYSTEMPATH\CodeIgniter.php(933): App\Controllers\Auth->login()
 2 SYSTEMPATH\CodeIgniter.php(507): CodeIgniter\CodeIgniter->runController(Object(App\Controllers\Auth))
 3 SYSTEMPATH\CodeIgniter.php(354): CodeIgniter\CodeIgniter->handleRequest(null, Object(Config\Cache), false)
 4 SYSTEMPATH\Boot.php(363): CodeIgniter\CodeIgniter->run()
 5 SYSTEMPATH\Boot.php(68): CodeIgniter\Boot::runCodeIgniter(Object(CodeIgniter\CodeIgniter))
 6 FCPATH\index.php(59): CodeIgniter\Boot::bootWeb(Object(Config\Paths))
CRITICAL - 2025-10-03 13:50:43 --> ErrorException: Undefined variable $isLoggedIn
[Method: GET, Route: dashboard]
in APPPATH\Views\templates\header.php on line 5.
 1 APPPATH\Views\templates\header.php(5): CodeIgniter\Debug\Exceptions->errorHandler(2, 'Undefined variable $isLoggedIn', 'C:\\xampp\\htdocs\\ITE311-LABASA\\app\\Views\\templates\\header.php', 5)
 2 SYSTEMPATH\View\View.php(226): include('C:\\xampp\\htdocs\\ITE311-LABASA\\app\\Views\\templates\\header.php')
 3 SYSTEMPATH\View\View.php(229): CodeIgniter\View\View->CodeIgniter\View\{closure}()
 4 SYSTEMPATH\View\View.php(475): CodeIgniter\View\View->render('templates/header', null, true)
 5 APPPATH\Views\template.php(260): CodeIgniter\View\View->include('templates/header')
 6 SYSTEMPATH\View\View.php(226): include('C:\\xampp\\htdocs\\ITE311-LABASA\\app\\Views\\template.php')
 7 SYSTEMPATH\View\View.php(229): CodeIgniter\View\View->CodeIgniter\View\{closure}()
 8 SYSTEMPATH\View\View.php(242): CodeIgniter\View\View->render('template', [], true)
 9 SYSTEMPATH\Common.php(1167): CodeIgniter\View\View->render('auth/dashboard', [], true)
10 APPPATH\Controllers\Auth.php(129): view('auth/dashboard', [...])
11 SYSTEMPATH\CodeIgniter.php(933): App\Controllers\Auth->dashboard()
12 SYSTEMPATH\CodeIgniter.php(507): CodeIgniter\CodeIgniter->runController(Object(App\Controllers\Auth))
13 SYSTEMPATH\CodeIgniter.php(354): CodeIgniter\CodeIgniter->handleRequest(null, Object(Config\Cache), false)
14 SYSTEMPATH\Boot.php(363): CodeIgniter\CodeIgniter->run()
15 SYSTEMPATH\Boot.php(68): CodeIgniter\Boot::runCodeIgniter(Object(CodeIgniter\CodeIgniter))
16 FCPATH\index.php(59): CodeIgniter\Boot::bootWeb(Object(Config\Paths))
CRITICAL - 2025-10-03 15:25:39 --> Error: Class "App\Models\UserModel" not found
[Method: GET, Route: login]
in APPPATH\Controllers\Auth.php on line 63.
 1 SYSTEMPATH\CodeIgniter.php(933): App\Controllers\Auth->login()
 2 SYSTEMPATH\CodeIgniter.php(507): CodeIgniter\CodeIgniter->runController(Object(App\Controllers\Auth))
 3 SYSTEMPATH\CodeIgniter.php(354): CodeIgniter\CodeIgniter->handleRequest(null, Object(Config\Cache), false)
 4 SYSTEMPATH\Boot.php(363): CodeIgniter\CodeIgniter->run()
 5 SYSTEMPATH\Boot.php(68): CodeIgniter\Boot::runCodeIgniter(Object(CodeIgniter\CodeIgniter))
 6 FCPATH\index.php(59): CodeIgniter\Boot::bootWeb(Object(Config\Paths))
